<?xml version="1.0" encoding="UTF-8"?>
<testsuite xmlns:xsi="http://www.w3.org/2001/XMLSchema-instance" xsi:noNamespaceSchemaLocation="https://maven.apache.org/surefire/maven-surefire-plugin/xsd/surefire-test-report-3.0.xsd" version="3.0" name="via.pro3.mainserver.MainServerApplicationTests" time="3.386" tests="1" errors="0" skipped="0" failures="0">
  <properties>
[...]
</properties>
  <testcase name="contextLoads" classname="via.pro3.mainserver.MainServerApplicationTests" time="0.796">
    <system-out><![CDATA[15:24:31.015 [main] INFO org.springframework.test.context.support.AnnotationConfigContextLoaderUtils -- Could not detect default configuration classes for test class [via.pro3.mainserver.MainServerApplicationTests]: MainServerApplicationTests does not declare any static, non-private, non-final, nested classes annotated with @Configuration.
15:24:31.128 [main] INFO org.springframework.boot.test.context.SpringBootTestContextBootstrapper -- Found @SpringBootConfiguration via.pro3.mainserver.MainServerApplication for test class via.pro3.mainserver.MainServerApplicationTests

  .   ____          _            __ _ _
 /\\ / ___'_ __ _ _(_)_ __  __ _ \ \ \ \
( ( )\___ | '_ | '_| | '_ \/ _` | \ \ \ \
 \\/  ___)| |_)| | | | | || (_| |  ) ) ) )
  '  |____| .__|_| |_|_| |_\__, | / / / /
 =========|_|==============|___/=/_/_/_/

 :: Spring Boot ::                (v3.3.4)

2024-11-20T15:24:31.577+01:00  INFO 4492 --- [MainServer] [           main] v.p.m.MainServerApplicationTests         : Starting MainServerApplicationTests using Java 23.0.1 with PID 4492 (started by Sandut in C:\Users\Sandut\Documents\GitHub\SEP3\MainServer)
2024-11-20T15:24:31.579+01:00  INFO 4492 --- [MainServer] [           main] v.p.m.MainServerApplicationTests         : No active profile set, falling back to 1 default profile: "default"
2024-11-20T15:24:33.078+01:00  INFO 4492 --- [MainServer] [           main] g.s.a.GrpcServerFactoryAutoConfiguration : Detected grpc-netty-shaded: Creating ShadedNettyGrpcServerFactory
2024-11-20T15:24:33.300+01:00  INFO 4492 --- [MainServer] [           main] n.d.b.g.s.s.AbstractGrpcServerFactory    : Registered gRPC service: Proto, bean: serverImpl, class: via.pro3.mainserver.service.ServerImpl
2024-11-20T15:24:33.301+01:00  INFO 4492 --- [MainServer] [           main] n.d.b.g.s.s.AbstractGrpcServerFactory    : Registered gRPC service: grpc.health.v1.Health, bean: grpcHealthService, class: io.grpc.protobuf.services.HealthServiceImpl
2024-11-20T15:24:33.301+01:00  INFO 4492 --- [MainServer] [           main] n.d.b.g.s.s.AbstractGrpcServerFactory    : Registered gRPC service: grpc.reflection.v1alpha.ServerReflection, bean: protoReflectionService, class: io.grpc.protobuf.services.ProtoReflectionService
2024-11-20T15:24:33.413+01:00  INFO 4492 --- [MainServer] [           main] n.d.b.g.s.s.GrpcServerLifecycle          : gRPC Server started, listening on address: *, port: 9091
2024-11-20T15:24:33.420+01:00  INFO 4492 --- [MainServer] [           main] v.p.m.MainServerApplicationTests         : Started MainServerApplicationTests in 2.123 seconds (process running for 3.158)
]]></system-out>
    <system-err><![CDATA[WARNING: A Java agent has been loaded dynamically (C:\Users\Sandut\.m2\repository\net\bytebuddy\byte-buddy-agent\1.14.19\byte-buddy-agent-1.14.19.jar)
WARNING: If a serviceability tool is in use, please run with -XX:+EnableDynamicAgentLoading to hide this warning
WARNING: If a serviceability tool is not in use, please run with -Djdk.instrument.traceUsage for more information
WARNING: Dynamic loading of agents will be disallowed by default in a future release
]]></system-err>
  </testcase>
</testsuite>