<?xml version="1.0" encoding="UTF-8"?>
<testsuite xmlns:xsi="http://www.w3.org/2001/XMLSchema-instance" xsi:noNamespaceSchemaLocation="https://maven.apache.org/surefire/maven-surefire-plugin/xsd/surefire-test-report-3.0.xsd" version="3.0" name="via.pro3.patientsserver.PatientsServerApplicationTests" time="3.658" tests="1" errors="0" skipped="0" failures="0">
  <properties>
[...]
</properties>
  <testcase name="contextLoads" classname="via.pro3.patientsserver.PatientsServerApplicationTests" time="0.826">
    <system-out><![CDATA[10:23:13.595 [main] INFO org.springframework.test.context.support.AnnotationConfigContextLoaderUtils -- Could not detect default configuration classes for test class [via.pro3.patientsserver.PatientsServerApplicationTests]: PatientsServerApplicationTests does not declare any static, non-private, non-final, nested classes annotated with @Configuration.
10:23:13.787 [main] INFO org.springframework.boot.test.context.SpringBootTestContextBootstrapper -- Found @SpringBootConfiguration via.pro3.patientsserver.PatientsServerApplication for test class via.pro3.patientsserver.PatientsServerApplicationTests

  .   ____          _            __ _ _
 /\\ / ___'_ __ _ _(_)_ __  __ _ \ \ \ \
( ( )\___ | '_ | '_| | '_ \/ _` | \ \ \ \
 \\/  ___)| |_)| | | | | || (_| |  ) ) ) )
  '  |____| .__|_| |_|_| |_\__, | / / / /
 =========|_|==============|___/=/_/_/_/

 :: Spring Boot ::                (v3.3.5)

2024-12-04T10:23:14.297+01:00  INFO 18888 --- [PatientsServer] [           main] v.p.p.PatientsServerApplicationTests     : Starting PatientsServerApplicationTests using Java 23.0.1 with PID 18888 (started by Sandut in C:\Users\Sandut\Documents\GitHub\SEP3\PatientsServer)
2024-12-04T10:23:14.298+01:00  INFO 18888 --- [PatientsServer] [           main] v.p.p.PatientsServerApplicationTests     : No active profile set, falling back to 1 default profile: "default"
2024-12-04T10:23:15.969+01:00  INFO 18888 --- [PatientsServer] [           main] g.s.a.GrpcServerFactoryAutoConfiguration : Detected grpc-netty-shaded: Creating ShadedNettyGrpcServerFactory
2024-12-04T10:23:16.118+01:00  INFO 18888 --- [PatientsServer] [           main] n.d.b.g.s.s.AbstractGrpcServerFactory    : Registered gRPC service: grpc.health.v1.Health, bean: grpcHealthService, class: io.grpc.protobuf.services.HealthServiceImpl
2024-12-04T10:23:16.119+01:00  INFO 18888 --- [PatientsServer] [           main] n.d.b.g.s.s.AbstractGrpcServerFactory    : Registered gRPC service: grpc.reflection.v1alpha.ServerReflection, bean: protoReflectionService, class: io.grpc.protobuf.services.ProtoReflectionService
2024-12-04T10:23:16.211+01:00  INFO 18888 --- [PatientsServer] [           main] n.d.b.g.s.s.GrpcServerLifecycle          : gRPC Server started, listening on address: *, port: 9093
2024-12-04T10:23:16.220+01:00  INFO 18888 --- [PatientsServer] [           main] v.p.p.PatientsServerApplicationTests     : Started PatientsServerApplicationTests in 2.215 seconds (process running for 3.398)
]]></system-out>
    <system-err><![CDATA[WARNING: A Java agent has been loaded dynamically (C:\Users\Sandut\.m2\repository\net\bytebuddy\byte-buddy-agent\1.14.19\byte-buddy-agent-1.14.19.jar)
WARNING: If a serviceability tool is in use, please run with -XX:+EnableDynamicAgentLoading to hide this warning
WARNING: If a serviceability tool is not in use, please run with -Djdk.instrument.traceUsage for more information
WARNING: Dynamic loading of agents will be disallowed by default in a future release
]]></system-err>
  </testcase>
</testsuite>